Traceback (most recent call last):
  File "C:\Users\andre\anaconda3\envs\dash\lib\site-packages\jupyter_cache\executors\utils.py", line 51, in single_nb_execution
    executenb(
  File "C:\Users\andre\anaconda3\envs\dash\lib\site-packages\nbclient\client.py", line 1112, in execute
    return NotebookClient(nb=nb, resources=resources, km=km, **kwargs).execute()
  File "C:\Users\andre\anaconda3\envs\dash\lib\site-packages\nbclient\util.py", line 74, in wrapped
    return just_run(coro(*args, **kwargs))
  File "C:\Users\andre\anaconda3\envs\dash\lib\site-packages\nbclient\util.py", line 53, in just_run
    return loop.run_until_complete(coro)
  File "C:\Users\andre\anaconda3\envs\dash\lib\asyncio\base_events.py", line 616, in run_until_complete
    return future.result()
  File "C:\Users\andre\anaconda3\envs\dash\lib\site-packages\nbclient\client.py", line 553, in async_execute
    await self.async_execute_cell(
  File "C:\Users\andre\anaconda3\envs\dash\lib\site-packages\nbclient\client.py", line 857, in async_execute_cell
    self._check_raise_for_error(cell, exec_reply)
  File "C:\Users\andre\anaconda3\envs\dash\lib\site-packages\nbclient\client.py", line 760, in _check_raise_for_error
    raise CellExecutionError.from_cell_and_msg(cell, exec_reply_content)
nbclient.exceptions.CellExecutionError: An error occurred while executing the following cell:
------------------
from sklearn.model_selection import train_test_split
X_train,X_test,y_train,y_test = train_test_split(x,y, test_size=0.20, random_state=42)
------------------

[1;31m---------------------------------------------------------------------------[0m
[1;31mModuleNotFoundError[0m                       Traceback (most recent call last)
[1;32m~\AppData\Local\Temp/ipykernel_20468/3047745476.py[0m in [0;36m<module>[1;34m[0m
[1;32m----> 1[1;33m [1;32mfrom[0m [0msklearn[0m[1;33m.[0m[0mmodel_selection[0m [1;32mimport[0m [0mtrain_test_split[0m[1;33m[0m[1;33m[0m[0m
[0m[0;32m      2[0m [0mX_train[0m[1;33m,[0m[0mX_test[0m[1;33m,[0m[0my_train[0m[1;33m,[0m[0my_test[0m [1;33m=[0m [0mtrain_test_split[0m[1;33m([0m[0mx[0m[1;33m,[0m[0my[0m[1;33m,[0m [0mtest_size[0m[1;33m=[0m[1;36m0.20[0m[1;33m,[0m [0mrandom_state[0m[1;33m=[0m[1;36m42[0m[1;33m)[0m[1;33m[0m[1;33m[0m[0m

[1;31mModuleNotFoundError[0m: No module named 'sklearn'
ModuleNotFoundError: No module named 'sklearn'

